#
# There is insufficient memory for the Java Runtime Environment to continue.
# Native memory allocation (mmap) failed to map 132120576 bytes for G1 virtual space
# Possible reasons:
#   The system is out of physical RAM or swap space
#   The process is running with CompressedOops enabled, and the Java Heap may be blocking the growth of the native heap
# Possible solutions:
#   Reduce memory load on the system
#   Increase physical memory or swap space
#   Check if swap backing store is full
#   Decrease Java heap size (-Xmx/-Xms)
#   Decrease number of Java threads
#   Decrease Java thread stack sizes (-Xss)
#   Set larger code cache with -XX:ReservedCodeCacheSize=
#   JVM is running with Unscaled Compressed Oops mode in which the Java heap is
#     placed in the first 4GB address space. The Java Heap base address is the
#     maximum limit for the native heap growth. Please use -XX:HeapBaseMinAddress
#     to set the Java Heap base and to place the Java Heap above 4GB virtual address.
# This output file may be truncated or incomplete.
#
#  Out of Memory Error (os_windows.cpp:3600), pid=20168, tid=9024
#
# JRE version:  (21.0.4+8) (build )
# Java VM: Java HotSpot(TM) 64-Bit Server VM (21.0.4+8-LTS-274, mixed mode, sharing, tiered, compressed oops, compressed class ptrs, g1 gc, windows-amd64)
# No core dump will be written. Minidumps are not enabled by default on client versions of Windows
#

---------------  S U M M A R Y ------------

Command Line: -Dclassworlds.conf=C:\Program Files\NetBeans-20\netbeans\java\maven\bin\m2.conf -Dmaven.home=C:\Program Files\NetBeans-20\netbeans\java\maven -Dlibrary.jansi.path=C:\Program Files\NetBeans-20\netbeans\java\maven\lib\jansi-native -Dmaven.multiModuleProjectDirectory=C:\Users\Lenovo\OneDrive\Desktop\Airline Project\Airline_Project org.codehaus.plexus.classworlds.launcher.Launcher -Dexec.vmArgs= -Dexec.args=${exec.vmArgs} -classpath %classpath ${exec.mainClass} ${exec.appArgs} -Dexec.executable=C:\Program Files\Java\jdk-21\bin\java.exe -Dexec.mainClass=com.mycompany.airline_project.LoginFrame -Dexec.classpathScope=runtime -Dexec.appArgs= -Dmaven.ext.class.path=C:\Program Files\NetBeans-20\netbeans\java\maven-nblib\netbeans-eventspy.jar --no-transfer-progress process-classes org.codehaus.mojo:exec-maven-plugin:3.1.0:exec

Host: Intel(R) Core(TM) i3-10110U CPU @ 2.10GHz, 4 cores, 7G,  Windows 11 , 64 bit Build 22621 (10.0.22621.3958)
Time: Tue Sep 10 18:27:25 2024 India Standard Time elapsed time: 0.012490 seconds (0d 0h 0m 0s)

---------------  T H R E A D  ---------------

Current thread (0x0000025f2a22a780):  JavaThread "Unknown thread" [_thread_in_vm, id=9024, stack(0x00000072a7100000,0x00000072a7200000) (1024K)]

Stack: [0x00000072a7100000,0x00000072a7200000]
Native frames: (J=compiled Java code, j=interpreted, Vv=VM code, C=native code)
V  [jvm.dll+0x6c8e59]
V  [jvm.dll+0x853181]
V  [jvm.dll+0x8556ae]
V  [jvm.dll+0x855d83]
V  [jvm.dll+0x27d526]
V  [jvm.dll+0x6c55f5]
V  [jvm.dll+0x6ba17a]
V  [jvm.dll+0x352a8a]
V  [jvm.dll+0x35a6e6]
V  [jvm.dll+0x3acdae]
V  [jvm.dll+0x3ad058]
V  [jvm.dll+0x326dec]
V  [jvm.dll+0x32794b]
V  [jvm.dll+0x81c569]
V  [jvm.dll+0x3b9a11]
V  [jvm.dll+0x805948]
V  [jvm.dll+0x44ec5e]
V  [jvm.dll+0x450851]
C  [jli.dll+0x52a3]
C  [ucrtbase.dll+0x29333]
C  [KERNEL32.DLL+0x1257d]
C  [ntdll.dll+0x5af28]


---------------  P R O C E S S  ---------------

Threads class SMR info:
_java_thread_list=0x00007ffc74496c08, length=0, elements={
}

Java Threads: ( => current thread )
Total: 0

Other Threads:
  0x0000025f2c4d5340 WorkerThread "GC Thread#0"                     [id=20460, stack(0x00000072a7200000,0x00000072a7300000) (1024K)]
  0x0000025f2c4e6fe0 ConcurrentGCThread "G1 Main Marker"            [id=17368, stack(0x00000072a7300000,0x00000072a7400000) (1024K)]
  0x0000025f2c4e9290 WorkerThread "G1 Conc#0"                       [id=7360, stack(0x00000072a7400000,0x00000072a7500000) (1024K)]

[error occurred during error reporting (printing all threads), id 0xc0000005, EXCEPTION_ACCESS_VIOLATION (0xc0000005) at pc=0x00007ffc73c09577]
VM state: not at safepoint (not fully initialized)

VM Mutex/Monitor currently owned by a thread:  ([mutex/lock_event])
[0x00007ffc74507f98] Heap_lock - owner thread: 0x0000025f2a22a780

Heap address: 0x0000000082800000, size: 2008 MB, Compressed Oops mode: 32-bit

CDS archive(s) mapped at: [0x0000000000000000-0x0000000000000000-0x0000000000000000), size 0, SharedBaseAddress: 0x0000000800000000, ArchiveRelocationMode: 1.
Narrow klass base: 0x0000000000000000, Narrow klass shift: 0, Narrow klass range: 0x0

GC Precious Log:
 CardTable entry size: 512
 Card Set container configuration: InlinePtr #cards 5 size 8 Array Of Cards #cards 12 size 40 Howl #buckets 4 coarsen threshold 1843 Howl Bitmap #cards 512 size 80 coarsen threshold 460 Card regions per heap region 1 cards per card region 2048

Heap:
 garbage-first heap   total 0K, used 0K [0x0000000082800000, 0x0000000100000000)
  region size 1024K, 0 young (0K), 0 survivors (0K)

[error occurred during error reporting (printing heap information), id 0xc0000005, EXCEPTION_ACCESS_VIOLATION (0xc0000005) at pc=0x00007ffc73ff1df9]
GC Heap History (0 events):
No events

Dll operation events (1 events):
Event: 0.008 Loaded shared library C:\Program Files\Java\jdk-21\bin\java.dll

Deoptimization events (0 events):
No events

Classes loaded (0 events):
No events

Classes unloaded (0 events):
No events

Classes redefined (0 events):
No events

Internal exceptions (0 events):
No events

ZGC Phase Switch (0 events):
No events

VM Operations (0 events):
No events

Events (0 events):
No events


Dynamic libraries:
0x00007ff7f8d00000 - 0x00007ff7f8d10000 	C:\Program Files\Java\jdk-21\bin\java.exe
0x00007ffce10d0000 - 0x00007ffce12e7000 	C:\WINDOWS\SYSTEM32\ntdll.dll
0x00007ffcdfdf0000 - 0x00007ffcdfeb4000 	C:\WINDOWS\System32\KERNEL32.DLL
0x00007ffcde770000 - 0x00007ffcdeb1d000 	C:\WINDOWS\System32\KERNELBASE.dll
0x00007ffcda540000 - 0x00007ffcda5d7000 	C:\WINDOWS\SYSTEM32\apphelp.dll
0x00007ffcdec40000 - 0x00007ffcded51000 	C:\WINDOWS\System32\ucrtbase.dll
0x00007ffcda8b0000 - 0x00007ffcda8cb000 	C:\Program Files\Java\jdk-21\bin\VCRUNTIME140.dll
0x00007ffcae230000 - 0x00007ffcae249000 	C:\Program Files\Java\jdk-21\bin\jli.dll
0x00007ffce0760000 - 0x00007ffce0812000 	C:\WINDOWS\System32\ADVAPI32.dll
0x00007ffcdfb30000 - 0x00007ffcdfbd7000 	C:\WINDOWS\System32\msvcrt.dll
0x00007ffce0690000 - 0x00007ffce0739000 	C:\WINDOWS\System32\sechost.dll
0x00007ffcde740000 - 0x00007ffcde768000 	C:\WINDOWS\System32\bcrypt.dll
0x00007ffcdfec0000 - 0x00007ffcdffd4000 	C:\WINDOWS\System32\RPCRT4.dll
0x00007ffcdf030000 - 0x00007ffcdf1de000 	C:\WINDOWS\System32\USER32.dll
0x00007ffcde470000 - 0x00007ffcde496000 	C:\WINDOWS\System32\win32u.dll
0x00007ffcca790000 - 0x00007ffccaa23000 	C:\WINDOWS\WinSxS\amd64_microsoft.windows.common-controls_6595b64144ccf1df_6.0.22621.3672_none_2713b9d173822955\COMCTL32.dll
0x00007ffce0820000 - 0x00007ffce0849000 	C:\WINDOWS\System32\GDI32.dll
0x00007ffcdeb20000 - 0x00007ffcdec39000 	C:\WINDOWS\System32\gdi32full.dll
0x00007ffcded60000 - 0x00007ffcdedfa000 	C:\WINDOWS\System32\msvcp_win.dll
0x00007ffcda020000 - 0x00007ffcda02a000 	C:\WINDOWS\SYSTEM32\VERSION.dll
0x00007ffce0610000 - 0x00007ffce0641000 	C:\WINDOWS\System32\IMM32.DLL
0x00007ffcda9e0000 - 0x00007ffcda9ec000 	C:\Program Files\Java\jdk-21\bin\vcruntime140_1.dll
0x00007ffc8c120000 - 0x00007ffc8c1ae000 	C:\Program Files\Java\jdk-21\bin\msvcp140.dll
0x00007ffc738d0000 - 0x00007ffc745e3000 	C:\Program Files\Java\jdk-21\bin\server\jvm.dll
0x00007ffce0e50000 - 0x00007ffce0ec1000 	C:\WINDOWS\System32\WS2_32.dll
0x00007ffcde2c0000 - 0x00007ffcde30d000 	C:\WINDOWS\SYSTEM32\POWRPROF.dll
0x00007ffcda110000 - 0x00007ffcda144000 	C:\WINDOWS\SYSTEM32\WINMM.dll
0x00007ffcde2a0000 - 0x00007ffcde2b3000 	C:\WINDOWS\SYSTEM32\UMPDC.dll
0x00007ffcdd440000 - 0x00007ffcdd458000 	C:\WINDOWS\SYSTEM32\kernel.appcore.dll
0x00007ffcda9a0000 - 0x00007ffcda9aa000 	C:\Program Files\Java\jdk-21\bin\jimage.dll
0x00007ffcdb360000 - 0x00007ffcdb592000 	C:\WINDOWS\SYSTEM32\DBGHELP.DLL
0x00007ffce01d0000 - 0x00007ffce055e000 	C:\WINDOWS\System32\combase.dll
0x00007ffcdfa50000 - 0x00007ffcdfb27000 	C:\WINDOWS\System32\OLEAUT32.dll
0x00007ffcc3a40000 - 0x00007ffcc3a72000 	C:\WINDOWS\SYSTEM32\dbgcore.DLL
0x00007ffcde3f0000 - 0x00007ffcde46b000 	C:\WINDOWS\System32\bcryptPrimitives.dll
0x00007ffcc9b90000 - 0x00007ffcc9baf000 	C:\Program Files\Java\jdk-21\bin\java.dll

dbghelp: loaded successfully - version: 4.0.5 - missing functions: none
symbol engine: initialized successfully - sym options: 0x614 - pdb path: .;C:\Program Files\Java\jdk-21\bin;C:\WINDOWS\SYSTEM32;C:\WINDOWS\WinSxS\amd64_microsoft.windows.common-controls_6595b64144ccf1df_6.0.22621.3672_none_2713b9d173822955;C:\Program Files\Java\jdk-21\bin\server

VM Arguments:
jvm_args: -Dclassworlds.conf=C:\Program Files\NetBeans-20\netbeans\java\maven\bin\m2.conf -Dmaven.home=C:\Program Files\NetBeans-20\netbeans\java\maven -Dlibrary.jansi.path=C:\Program Files\NetBeans-20\netbeans\java\maven\lib\jansi-native -Dmaven.multiModuleProjectDirectory=C:\Users\Lenovo\OneDrive\Desktop\Airline Project\Airline_Project 
java_command: org.codehaus.plexus.classworlds.launcher.Launcher -Dexec.vmArgs= -Dexec.args=${exec.vmArgs} -classpath %classpath ${exec.mainClass} ${exec.appArgs} -Dexec.executable=C:\Program Files\Java\jdk-21\bin\java.exe -Dexec.mainClass=com.mycompany.airline_project.LoginFrame -Dexec.classpathScope=runtime -Dexec.appArgs= -Dmaven.ext.class.path=C:\Program Files\NetBeans-20\netbeans\java\maven-nblib\netbeans-eventspy.jar --no-transfer-progress process-classes org.codehaus.mojo:exec-maven-plugin:3.1.0:exec
java_class_path (initial): C:\Program Files\NetBeans-20\netbeans\java\maven\boot\plexus-classworlds-2.7.0.jar
Launcher Type: SUN_STANDARD

[Global flags]
     intx CICompilerCount                          = 3                                         {product} {ergonomic}
     uint ConcGCThreads                            = 1                                         {product} {ergonomic}
     uint G1ConcRefinementThreads                  = 4                                         {product} {ergonomic}
   size_t G1HeapRegionSize                         = 1048576                                   {product} {ergonomic}
    uintx GCDrainStackTargetSize                   = 64                                        {product} {ergonomic}
   size_t InitialHeapSize                          = 132120576                                 {product} {ergonomic}
   size_t MarkStackSize                            = 4194304                                   {product} {ergonomic}
   size_t MaxHeapSize                              = 2105540608                                {product} {ergonomic}
   size_t MinHeapDeltaBytes                        = 1048576                                   {product} {ergonomic}
   size_t MinHeapSize                              = 8388608                                   {product} {ergonomic}
    uintx NonNMethodCodeHeapSize                   = 5832780                                {pd product} {ergonomic}
    uintx NonProfiledCodeHeapSize                  = 122912730                              {pd product} {ergonomic}
    uintx ProfiledCodeHeapSize                     = 122912730                              {pd product} {ergonomic}
    uintx ReservedCodeCacheSize                    = 251658240                              {pd product} {ergonomic}
     bool SegmentedCodeCache                       = true                                      {product} {ergonomic}
   size_t SoftMaxHeapSize                          = 2105540608                             {manageable} {ergonomic}
     bool UseCompressedOops                        = true                           {product lp64_product} {ergonomic}
     bool UseG1GC                                  = true                                      {product} {ergonomic}
     bool UseLargePagesIndividualAllocation        = false                                  {pd product} {ergonomic}

Logging:
Log output configuration:
 #0: stdout all=warning uptime,level,tags foldmultilines=false
 #1: stderr all=off uptime,level,tags foldmultilines=false

Environment Variables:
JAVA_HOME=C:\Program Files\Java\jdk-21
PATH=C:\Program Files\Common Files\Oracle\Java\javapath;C:\Apps\Oracle_db_home\bin;C:\Program Files (x86)\Common Files\Oracle\Java\javapath;C:\Program Files\Python310\Scripts\;C:\Program Files\Python310\;C:\WINDOWS\system32;C:\WINDOWS;C:\WINDOWS\System32\Wbem;C:\WINDOWS\System32\WindowsPowerShell\v1.0\;C:\WINDOWS\System32\OpenSSH\;C:\Program Files\Git\cmd;C:\Program Files\Git\mingw64\bin;C:\Program Files\Git\usr\bin;C:\MinGW\bin;C:\MinGW\bin\g++.exe;C:\MinGW\bin;C:\Program Files\nodejs\;C:\Program Files\MongoDB\mongosh-1.10.1-win32-x64\bin;C:\Program Files\Java\jdk1.8.0_202\bin;C:\Program Files\MySQL\MySQL Server 8.0\bin;C:\Program Files\Java\jdk-21\bin;C:\Program Files\MySQL\MySQL Shell 8.0\bin\;C:\Program Files\Java\jdk1.8.0_202\bin;C:\Users\Lenovo\AppData\Local\JetBrains\IntelliJ IDEA Community Edition 2023.3.2\bin;;C:\Users\Lenovo\AppData\Local\Programs\Microsoft VS Code\bin;
USERNAME=Lenovo
OS=Windows_NT
PROCESSOR_IDENTIFIER=Intel64 Family 6 Model 142 Stepping 12, GenuineIntel
TMP=C:\Users\Lenovo\AppData\Local\Temp
TEMP=C:\Users\Lenovo\AppData\Local\Temp




Periodic native trim disabled

---------------  S Y S T E M  ---------------

OS:
 Windows 11 , 64 bit Build 22621 (10.0.22621.3958)
OS uptime: 2 days 10:17 hours

CPU: total 4 (initial active 4) (2 cores per cpu, 2 threads per core) family 6 model 142 stepping 12 microcode 0xf0, cx8, cmov, fxsr, ht, mmx, 3dnowpref, sse, sse2, sse3, ssse3, sse4.1, sse4.2, popcnt, lzcnt, tsc, tscinvbit, avx, avx2, aes, erms, clmul, bmi1, bmi2, adx, fma, vzeroupper, clflush, clflushopt, rdtscp, f16c
Processor Information for all 4 processors :
  Max Mhz: 2592, Current Mhz: 2093, Mhz Limit: 2073

Memory: 4k page, system-wide physical 8026M (234M free)
TotalPageFile size 20314M (AvailPageFile size 79M)
current process WorkingSet (physical memory assigned to process): 12M, peak: 12M
current process commit charge ("private bytes"): 52M, peak: 178M

vm_info: Java HotSpot(TM) 64-Bit Server VM (21.0.4+8-LTS-274) for windows-amd64 JRE (21.0.4+8-LTS-274), built on 2024-06-05T05:23:33Z by "mach5one" with MS VC++ 17.6 (VS2022)

END.
